<?xml version="1.0" encoding="UTF-8"?>
<!-- Generated by org.testng.reporters.JUnitXMLReporter -->
<testsuite ignored="0" hostname="DESKTOP-4DO5TI3" failures="0" tests="1" name="Test-2" time="21.175" errors="0" timestamp="2024-07-23T18:44:55 IST">
  <testcase classname="com.comcast.crm.orgtest.createorgTest" name="createorg" time="7.855"/>
</testsuite> <!-- Test-2 -->
