<?xml version="1.0" encoding="UTF-8"?>
<!-- Generated by org.testng.reporters.JUnitXMLReporter -->
<testsuite ignored="0" hostname="DESKTOP-4DO5TI3" failures="0" tests="2" name="Test-1" time="40.096" errors="0" timestamp="2024-07-23T18:45:14 IST">
  <testcase classname="com.comcast.crm.contacttest.createcontactTest" name="createcontactdate" time="12.369"/>
  <testcase classname="com.comcast.crm.contacttest.createcontactTest" name="createcontactdeatils" time="8.09"/>
</testsuite> <!-- Test-1 -->
