<?xml version="1.0" encoding="UTF-8"?>
<!-- Generated by org.testng.reporters.JUnitReportReporter -->
<testsuite hostname="DESKTOP-4DO5TI3" failures="0" tests="1" name="com.comcast.crm.contacttest.createcontactTest" time="24.644" errors="0" timestamp="2024-07-24T15:22:44 IST" skipped="0">
  <testcase classname="com.comcast.crm.contacttest.createcontactTest" name="createcontactdeatils" time="24.644"/>
  <system-out/>
</testsuite> <!-- com.comcast.crm.contacttest.createcontactTest -->
