<?xml version="1.0" encoding="UTF-8"?>
<!-- Generated by org.testng.reporters.JUnitReportReporter -->
<testsuite hostname="DESKTOP-4DO5TI3" failures="0" tests="6" name="practicetestg.invocationcounttest" time="0.053" errors="0" timestamp="2024-07-18T17:15:42 IST" skipped="0">
  <testcase classname="practicetestg.invocationcounttest" name="createname" time="0.012"/>
  <testcase classname="practicetestg.invocationcounttest" name="createname" time="0.003"/>
  <testcase classname="practicetestg.invocationcounttest" name="createname" time="0.010"/>
  <testcase classname="practicetestg.invocationcounttest" name="createname" time="0.024"/>
  <testcase classname="practicetestg.invocationcounttest" name="createname" time="0.001"/>
  <testcase classname="practicetestg.invocationcounttest" name="createanumber" time="0.003"/>
</testsuite> <!-- practicetestg.invocationcounttest -->
