<?xml version="1.0" encoding="UTF-8"?>
<!-- Generated by org.testng.reporters.JUnitReportReporter -->
<testsuite hostname="DESKTOP-4DO5TI3" failures="0" tests="1" name="com.comcast.crm.orgtest.createorgTest" time="13.240" errors="0" timestamp="2024-07-29T12:38:28 IST" skipped="0">
  <testcase classname="com.comcast.crm.orgtest.createorgTest" name="createorg" time="13.240"/>
  <system-out/>
</testsuite> <!-- com.comcast.crm.orgtest.createorgTest -->
