<?xml version="1.0" encoding="UTF-8"?>
<!-- Generated by org.testng.reporters.JUnitReportReporter -->
<testsuite hostname="DESKTOP-4DO5TI3" failures="0" tests="1" name="practicetestg.simpletestforscreenshot" time="8.587" errors="0" timestamp="2024-07-18T19:53:40 IST" skipped="0">
  <testcase classname="practicetestg.simpletestforscreenshot" name="amazontest" time="8.587"/>
  <system-out/>
</testsuite> <!-- practicetestg.simpletestforscreenshot -->
