<?xml version="1.0" encoding="UTF-8"?>
<!-- Generated by org.testng.reporters.JUnitReportReporter -->
<testsuite hostname="DESKTOP-4DO5TI3" failures="0" tests="2" name="practicetestg.prioty" time="0.004" errors="0" timestamp="2024-07-18T17:15:42 IST" skipped="0">
  <testcase classname="practicetestg.prioty" name="createname" time="0.003"/>
  <testcase classname="practicetestg.prioty" name="createanumber" time="0.001"/>
</testsuite> <!-- practicetestg.prioty -->
