<?xml version="1.0" encoding="UTF-8"?>
<!-- Generated by org.testng.reporters.JUnitReportReporter -->
<testsuite hostname="DESKTOP-4DO5TI3" failures="0" tests="1" name="com.comcast.crm.contacttest.changedatecontacttest" time="78.798" errors="0" timestamp="2024-07-21T20:39:48 IST" skipped="0">
  <testcase classname="com.comcast.crm.contacttest.changedatecontacttest" name="createcontactdate" time="78.798"/>
  <system-out/>
</testsuite> <!-- com.comcast.crm.contacttest.changedatecontacttest -->
