<?xml version="1.0" encoding="UTF-8"?>
<!-- Generated by org.testng.reporters.JUnitReportReporter -->
<testsuite hostname="DESKTOP-4DO5TI3" failures="0" tests="2" name="practicetestg.samplereporttest" time="5.295" errors="0" timestamp="2024-07-23T15:08:14 IST" skipped="0">
  <testcase classname="practicetestg.samplereporttest" name="createcontactinformation" time="0.016"/>
  <system-out/>
  <testcase classname="practicetestg.samplereporttest" name="createcontacttest" time="5.279"/>
  <system-out/>
</testsuite> <!-- practicetestg.samplereporttest -->
