<?xml version="1.0" encoding="UTF-8"?>
<!-- Generated by org.testng.reporters.JUnitReportReporter -->
<testsuite hostname="DESKTOP-4DO5TI3" failures="0" tests="2" name="com.comcast.crm.contacttest.createcontactTest" time="33.697" errors="0" timestamp="2024-07-29T12:38:28 IST" skipped="0">
  <testcase classname="com.comcast.crm.contacttest.createcontactTest" name="createcontactdate" time="17.073"/>
  <system-out/>
  <testcase classname="com.comcast.crm.contacttest.createcontactTest" name="createcontactdeatils" time="16.624"/>
  <system-out/>
</testsuite> <!-- com.comcast.crm.contacttest.createcontactTest -->
