<?xml version="1.0" encoding="UTF-8"?>
<!-- Generated by org.testng.reporters.JUnitReportReporter -->
<testsuite hostname="DESKTOP-4DO5TI3" failures="0" tests="2" name="practicetestg.dependsmthd" time="0.000" errors="0" timestamp="2024-07-18T17:15:42 IST" skipped="0">
  <testcase classname="practicetestg.dependsmthd" name="createanumber" time="0.000"/>
  <testcase classname="practicetestg.dependsmthd" name="createname" time="0.000"/>
</testsuite> <!-- practicetestg.dependsmthd -->
